{"/Users/victor/Documents/anonymity/src/app.js": {"path":"/Users/victor/Documents/anonymity/src/app.js","statementMap":{"0":{"start":{"line":17,"column":12},"end":{"line":30,"column":1}},"1":{"start":{"line":18,"column":4},"end":{"line":29,"column":6}}},"fnMap":{"0":{"name":"(anonymous_0)","decl":{"start":{"line":17,"column":12},"end":{"line":17,"column":13}},"loc":{"start":{"line":17,"column":18},"end":{"line":30,"column":1}},"line":17}},"branchMap":{},"s":{"0":0,"1":0},"f":{"0":0},"b":{},"hash":"c40f797f730d3cd3642981837c43af9cd0e52c46"}
,"/Users/victor/Documents/anonymity/src/index.js": {"path":"/Users/victor/Documents/anonymity/src/index.js","statementMap":{"0":{"start":{"line":4,"column":0},"end":{"line":4,"column":48}}},"fnMap":{},"branchMap":{},"s":{"0":0},"f":{},"b":{},"hash":"0eb5d5cc6b483159e65b3b521120866e5fd060a4"}
,"/Users/victor/Documents/anonymity/src/components/Homepage.js": {"path":"/Users/victor/Documents/anonymity/src/components/Homepage.js","statementMap":{"0":{"start":{"line":7,"column":14},"end":{"line":7,"column":16}},"1":{"start":{"line":10,"column":8},"end":{"line":10,"column":21}},"2":{"start":{"line":14,"column":4},"end":{"line":14,"column":29}},"3":{"start":{"line":20,"column":8},"end":{"line":38,"column":10}},"4":{"start":{"line":33,"column":39},"end":{"line":33,"column":70}},"5":{"start":{"line":43,"column":24},"end":{"line":45,"column":2}},"6":{"start":{"line":43,"column":36},"end":{"line":45,"column":1}}},"fnMap":{"0":{"name":"(anonymous_0)","decl":{"start":{"line":9,"column":4},"end":{"line":9,"column":5}},"loc":{"start":{"line":9,"column":23},"end":{"line":12,"column":5}},"line":9},"1":{"name":"(anonymous_1)","decl":{"start":{"line":13,"column":0},"end":{"line":13,"column":1}},"loc":{"start":{"line":13,"column":23},"end":{"line":16,"column":1}},"line":13},"2":{"name":"(anonymous_2)","decl":{"start":{"line":17,"column":4},"end":{"line":17,"column":5}},"loc":{"start":{"line":17,"column":13},"end":{"line":39,"column":5}},"line":17},"3":{"name":"(anonymous_3)","decl":{"start":{"line":33,"column":33},"end":{"line":33,"column":34}},"loc":{"start":{"line":33,"column":39},"end":{"line":33,"column":70}},"line":33},"4":{"name":"(anonymous_4)","decl":{"start":{"line":43,"column":24},"end":{"line":43,"column":25}},"loc":{"start":{"line":43,"column":36},"end":{"line":45,"column":1}},"line":43}},"branchMap":{},"s":{"0":0,"1":0,"2":0,"3":0,"4":0,"5":0,"6":0},"f":{"0":0,"1":0,"2":0,"3":0,"4":0},"b":{},"hash":"6c2561aa4f49bcb7fc6374d6e4e0619f73ef6035"}
,"/Users/victor/Documents/anonymity/src/components/Results.js": {"path":"/Users/victor/Documents/anonymity/src/components/Results.js","statementMap":{"0":{"start":{"line":12,"column":8},"end":{"line":12,"column":20}},"1":{"start":{"line":17,"column":8},"end":{"line":17,"column":25}},"2":{"start":{"line":21,"column":24},"end":{"line":21,"column":40}},"3":{"start":{"line":22,"column":27},"end":{"line":27,"column":9}},"4":{"start":{"line":28,"column":25},"end":{"line":28,"column":106}},"5":{"start":{"line":29,"column":8},"end":{"line":38,"column":14}},"6":{"start":{"line":30,"column":30},"end":{"line":30,"column":43}},"7":{"start":{"line":32,"column":16},"end":{"line":32,"column":44}},"8":{"start":{"line":36,"column":16},"end":{"line":36,"column":49}},"9":{"start":{"line":44,"column":8},"end":{"line":44,"column":25}},"10":{"start":{"line":48,"column":26},"end":{"line":50,"column":9}},"11":{"start":{"line":49,"column":10},"end":{"line":49,"column":44}},"12":{"start":{"line":52,"column":8},"end":{"line":109,"column":10}},"13":{"start":{"line":70,"column":41},"end":{"line":70,"column":59}},"14":{"start":{"line":82,"column":40},"end":{"line":82,"column":167}},"15":{"start":{"line":114,"column":24},"end":{"line":116,"column":1}},"16":{"start":{"line":115,"column":4},"end":{"line":115,"column":16}}},"fnMap":{"0":{"name":"(anonymous_0)","decl":{"start":{"line":11,"column":4},"end":{"line":11,"column":5}},"loc":{"start":{"line":11,"column":23},"end":{"line":13,"column":5}},"line":11},"1":{"name":"(anonymous_1)","decl":{"start":{"line":16,"column":4},"end":{"line":16,"column":5}},"loc":{"start":{"line":16,"column":18},"end":{"line":18,"column":5}},"line":16},"2":{"name":"(anonymous_2)","decl":{"start":{"line":19,"column":4},"end":{"line":19,"column":5}},"loc":{"start":{"line":19,"column":15},"end":{"line":40,"column":5}},"line":19},"3":{"name":"(anonymous_3)","decl":{"start":{"line":30,"column":18},"end":{"line":30,"column":19}},"loc":{"start":{"line":30,"column":30},"end":{"line":30,"column":43}},"line":30},"4":{"name":"(anonymous_4)","decl":{"start":{"line":31,"column":18},"end":{"line":31,"column":19}},"loc":{"start":{"line":31,"column":25},"end":{"line":34,"column":13}},"line":31},"5":{"name":"(anonymous_5)","decl":{"start":{"line":35,"column":19},"end":{"line":35,"column":20}},"loc":{"start":{"line":35,"column":26},"end":{"line":38,"column":13}},"line":35},"6":{"name":"(anonymous_6)","decl":{"start":{"line":41,"column":4},"end":{"line":41,"column":5}},"loc":{"start":{"line":41,"column":23},"end":{"line":46,"column":5}},"line":41},"7":{"name":"(anonymous_7)","decl":{"start":{"line":47,"column":4},"end":{"line":47,"column":5}},"loc":{"start":{"line":47,"column":13},"end":{"line":110,"column":5}},"line":47},"8":{"name":"(anonymous_8)","decl":{"start":{"line":48,"column":26},"end":{"line":48,"column":27}},"loc":{"start":{"line":48,"column":41},"end":{"line":50,"column":9}},"line":48},"9":{"name":"(anonymous_9)","decl":{"start":{"line":70,"column":37},"end":{"line":70,"column":38}},"loc":{"start":{"line":70,"column":41},"end":{"line":70,"column":59}},"line":70},"10":{"name":"(anonymous_10)","decl":{"start":{"line":81,"column":75},"end":{"line":81,"column":76}},"loc":{"start":{"line":82,"column":40},"end":{"line":82,"column":167}},"line":82},"11":{"name":"(anonymous_11)","decl":{"start":{"line":114,"column":24},"end":{"line":114,"column":25}},"loc":{"start":{"line":114,"column":35},"end":{"line":116,"column":1}},"line":114}},"branchMap":{"0":{"loc":{"start":{"line":73,"column":18},"end":{"line":104,"column":27}},"type":"cond-expr","locations":[{"start":{"line":74,"column":16},"end":{"line":101,"column":22}},{"start":{"line":104,"column":17},"end":{"line":104,"column":27}}],"line":73},"1":{"loc":{"start":{"line":93,"column":29},"end":{"line":96,"column":26}},"type":"binary-expr","locations":[{"start":{"line":93,"column":29},"end":{"line":93,"column":47}},{"start":{"line":94,"column":20},"end":{"line":96,"column":26}}],"line":93}},"s":{"0":0,"1":0,"2":0,"3":0,"4":0,"5":0,"6":0,"7":0,"8":0,"9":0,"10":0,"11":0,"12":0,"13":0,"14":0,"15":0,"16":0},"f":{"0":0,"1":0,"2":0,"3":0,"4":0,"5":0,"6":0,"7":0,"8":0,"9":0,"10":0,"11":0},"b":{"0":[0,0],"1":[0,0]},"hash":"b6b07b1a446517cc5c8f4d2ccf10c36e3bb97027"}
,"/Users/victor/Documents/anonymity/src/redux/actions/actionTypes.js": {"path":"/Users/victor/Documents/anonymity/src/redux/actions/actionTypes.js","statementMap":{"0":{"start":{"line":1,"column":26},"end":{"line":1,"column":38}},"1":{"start":{"line":2,"column":29},"end":{"line":2,"column":44}},"2":{"start":{"line":3,"column":26},"end":{"line":3,"column":38}}},"fnMap":{},"branchMap":{},"s":{"0":0,"1":0,"2":0},"f":{},"b":{},"hash":"fb57570fbe4d45fdc3300693d718a766484cdc79"}
,"/Users/victor/Documents/anonymity/src/redux/actions/index.js": {"path":"/Users/victor/Documents/anonymity/src/redux/actions/index.js","statementMap":{"0":{"start":{"line":1,"column":25},"end":{"line":4,"column":2}},"1":{"start":{"line":1,"column":35},"end":{"line":4,"column":1}},"2":{"start":{"line":6,"column":28},"end":{"line":9,"column":2}},"3":{"start":{"line":6,"column":40},"end":{"line":9,"column":1}},"4":{"start":{"line":11,"column":25},"end":{"line":14,"column":2}},"5":{"start":{"line":11,"column":37},"end":{"line":14,"column":1}}},"fnMap":{"0":{"name":"(anonymous_0)","decl":{"start":{"line":1,"column":25},"end":{"line":1,"column":26}},"loc":{"start":{"line":1,"column":35},"end":{"line":4,"column":1}},"line":1},"1":{"name":"(anonymous_1)","decl":{"start":{"line":6,"column":28},"end":{"line":6,"column":29}},"loc":{"start":{"line":6,"column":40},"end":{"line":9,"column":1}},"line":6},"2":{"name":"(anonymous_2)","decl":{"start":{"line":11,"column":25},"end":{"line":11,"column":26}},"loc":{"start":{"line":11,"column":37},"end":{"line":14,"column":1}},"line":11}},"branchMap":{},"s":{"0":0,"1":0,"2":0,"3":0,"4":0,"5":0},"f":{"0":0,"1":0,"2":0},"b":{},"hash":"dad03e0fb6edcf49525ff83ae2cbf34d430edb7a"}
,"/Users/victor/Documents/anonymity/src/redux/reducers/index.js": {"path":"/Users/victor/Documents/anonymity/src/redux/reducers/index.js","statementMap":{},"fnMap":{},"branchMap":{},"s":{},"f":{},"b":{},"_coverageSchema":"43e27e138ebf9cfc5966b082cf9a028302ed4184","hash":"39b6b66a386cd0eb7b43303f5bec884f88fb3710"}
,"/Users/victor/Documents/anonymity/src/redux/reducers/queries.js": {"path":"/Users/victor/Documents/anonymity/src/redux/reducers/queries.js","statementMap":{"0":{"start":{"line":1,"column":21},"end":{"line":3,"column":5}},"1":{"start":{"line":5,"column":16},"end":{"line":26,"column":1}},"2":{"start":{"line":6,"column":4},"end":{"line":25,"column":5}},"3":{"start":{"line":8,"column":12},"end":{"line":11,"column":13}},"4":{"start":{"line":13,"column":12},"end":{"line":16,"column":13}},"5":{"start":{"line":18,"column":12},"end":{"line":21,"column":13}},"6":{"start":{"line":24,"column":12},"end":{"line":24,"column":24}}},"fnMap":{"0":{"name":"(anonymous_0)","decl":{"start":{"line":5,"column":16},"end":{"line":5,"column":17}},"loc":{"start":{"line":5,"column":49},"end":{"line":26,"column":1}},"line":5}},"branchMap":{"0":{"loc":{"start":{"line":5,"column":17},"end":{"line":5,"column":37}},"type":"default-arg","locations":[{"start":{"line":5,"column":25},"end":{"line":5,"column":37}}],"line":5},"1":{"loc":{"start":{"line":6,"column":4},"end":{"line":25,"column":5}},"type":"switch","locations":[{"start":{"line":7,"column":8},"end":{"line":11,"column":13}},{"start":{"line":12,"column":8},"end":{"line":16,"column":13}},{"start":{"line":17,"column":8},"end":{"line":21,"column":13}},{"start":{"line":23,"column":8},"end":{"line":24,"column":24}}],"line":6}},"s":{"0":1,"1":1,"2":3,"3":0,"4":1,"5":0,"6":2},"f":{"0":3},"b":{"0":[2],"1":[0,1,0,2]},"_coverageSchema":"43e27e138ebf9cfc5966b082cf9a028302ed4184","hash":"a6aab7aee35c3bec6289da306698c1a48e35d88d"}
,"/Users/victor/Documents/anonymity/src/redux/store/index.js": {"path":"/Users/victor/Documents/anonymity/src/redux/store/index.js","statementMap":{"0":{"start":{"line":5,"column":19},"end":{"line":5,"column":26}},"1":{"start":{"line":6,"column":14},"end":{"line":10,"column":1}}},"fnMap":{},"branchMap":{"0":{"loc":{"start":{"line":8,"column":4},"end":{"line":8,"column":80}},"type":"binary-expr","locations":[{"start":{"line":8,"column":4},"end":{"line":8,"column":39}},{"start":{"line":8,"column":43},"end":{"line":8,"column":80}}],"line":8}},"s":{"0":0,"1":0},"f":{},"b":{"0":[0,0]},"hash":"704d33ad33e775188fcf958916f6d843dca26ca8"}
,"/Users/victor/Documents/anonymity/src/tests/mocks/fileMock.js": {"path":"/Users/victor/Documents/anonymity/src/tests/mocks/fileMock.js","statementMap":{"0":{"start":{"line":1,"column":0},"end":{"line":1,"column":34}}},"fnMap":{},"branchMap":{},"s":{"0":0},"f":{},"b":{},"hash":"396d8e3d836d06db5a1663a5038dd684868b1afb"}
}
